Create user test started
Creating user test end.
Get user test started
Get user test End
Update user test started
Update user test end
Delete user test started
Delete user test end
Create user data driven test started
Create user data driven test end
Create user data driven test started
Create user data driven test end
Create user data driven test started
Create user data driven test end
Get user data driven test started
Get user data driven test end
Get user data driven test started
Get user data driven test end
Get user data driven test started
Get user data driven test end
Delete user data driven test started
Delete user data driven test end
Delete user data driven test started
Delete user data driven test end
Delete user data driven test started
Delete user data driven test end
